/*C1*/SET SCHEMA SYSTEM_LOBS
INSERT INTO BLOCKS VALUES(0,2147483647,0)
COMMIT
/*C2*/SET SCHEMA PUBLIC
drop table share if exists
drop table request if exists
drop table record if exists
drop table expensive_request if exists
drop table user_role if exists
drop table deposit_req if exists
drop table stock if exists
drop table pending_stock if exists
drop table config if exists
drop table user if exists
create table user (\u000a    id integer not null,\u000a    password varchar(100) not null,\u000a    name varchar(100) not null,\u000a    family varchar(100) not null,\u000a    balance integer not null,\u000a    primary key (id)\u000a)
create table user_role (\u000a    id  integer not null,\u000a    role varchar(20) not null,\u000a    foreign key(id) references user(id),\u000a    primary key (id,role)\u000a)
create table stock (\u000a    id varchar(20) not null,\u000a    owner_id integer not null,\u000a    foreign key(owner_id) references user(id),    \u000a    primary key (id)\u000a)
create table pending_stock (\u000a    id varchar(20) not null,\u000a    owner_id integer not null,\u000a    foreign key(owner_id) references user(id),\u000a    primary key (id)\u000a)
create table share (\u000a    stock_id varchar(20) not null,\u000a    user_id  integer not null,\u000a    quantity integer not null,\u000a    primary key (stock_id,user_id),    \u000a    foreign key(stock_id) references stock(id),\u000a    foreign key(user_id) references user(id)\u000a)
create table request (\u000a    id integer not null,\u000a    stock_id varchar(20) not null,\u000a    user_id integer not null,\u000a    quantity integer not null,\u000a    price integer not null,\u000a    request_type varchar(4) not null,\u000a    op_type varchar(3) not null,\u000a    primary key (id),\u000a    foreign key(stock_id) references stock(id),\u000a    foreign key(user_id) references user(id)\u000a)
create table expensive_request (\u000a    id integer not null,\u000a    stock_id varchar(20) not null,\u000a    user_id integer not null,\u000a    quantity integer not null,\u000a    price integer not null,\u000a    request_type varchar(4) not null,\u000a    op_type varchar(3) not null,\u000a    primary key (id),\u000a    foreign key(stock_id) references stock(id),\u000a    foreign key(user_id) references user(id)\u000a)
create table record (\u000a    id integer not null,\u000a    stock_id varchar(20) not null,\u000a    seller_id integer not null,\u000a    buyer_id integer not null,\u000a    quantity integer not null,\u000a    price integer not null,\u000a    seller_balance integer not null,\u000a    buyer_balance integer not null,\u000a    op_type varchar(3) not null,\u000a    reg_date timestamp not null,\u000a    primary key (id),\u000a    foreign key(stock_id) references stock(id),\u000a    foreign key(seller_id) references user(id),\u000a    foreign key(buyer_id) references user(id)\u000a)
create table deposit_req (\u000a    id integer not null,\u000a    user_id integer not null,\u000a    amount integer not null,\u000a    foreign key(user_id) references user(id),\u000a    primary key (id)\u000a)
create table config (\u000a    name varchar(20) not null,\u000a    value varchar(20) not null,\u000a    primary key (name)\u000a)
INSERT INTO USER VALUES(1,'admin','admin','adminy',0)
COMMIT
INSERT INTO USER_ROLE VALUES(1,'admin')
COMMIT
/*C3*/SET SCHEMA PUBLIC
DISCONNECT
/*C4*/SET SCHEMA PUBLIC
DISCONNECT
/*C5*/SET SCHEMA PUBLIC
DISCONNECT
/*C6*/SET SCHEMA PUBLIC
DISCONNECT
/*C8*/SET SCHEMA PUBLIC
DISCONNECT
/*C9*/SET SCHEMA PUBLIC
DISCONNECT
/*C10*/SET SCHEMA PUBLIC
DISCONNECT
/*C11*/SET SCHEMA PUBLIC
DISCONNECT
/*C12*/SET SCHEMA PUBLIC
DISCONNECT
/*C13*/SET SCHEMA PUBLIC
DISCONNECT
/*C14*/SET SCHEMA PUBLIC
DISCONNECT
/*C15*/SET SCHEMA PUBLIC
DISCONNECT
/*C16*/SET SCHEMA PUBLIC
DISCONNECT
/*C17*/SET SCHEMA PUBLIC
DISCONNECT
/*C18*/SET SCHEMA PUBLIC
DISCONNECT
/*C19*/SET SCHEMA PUBLIC
DISCONNECT
/*C20*/SET SCHEMA PUBLIC
DISCONNECT
/*C21*/SET SCHEMA PUBLIC
DISCONNECT
/*C22*/SET SCHEMA PUBLIC
DISCONNECT
/*C23*/SET SCHEMA PUBLIC
DISCONNECT
/*C24*/SET SCHEMA PUBLIC
DISCONNECT
/*C25*/SET SCHEMA PUBLIC
DISCONNECT
/*C26*/SET SCHEMA PUBLIC
DISCONNECT
/*C27*/SET SCHEMA PUBLIC
DISCONNECT
/*C28*/SET SCHEMA PUBLIC
DISCONNECT
/*C29*/SET SCHEMA PUBLIC
DISCONNECT
/*C30*/SET SCHEMA PUBLIC
DISCONNECT
/*C31*/SET SCHEMA PUBLIC
DISCONNECT
/*C32*/SET SCHEMA PUBLIC
DISCONNECT
/*C33*/SET SCHEMA PUBLIC
DISCONNECT
/*C34*/SET SCHEMA PUBLIC
DISCONNECT
/*C35*/SET SCHEMA PUBLIC
DISCONNECT
/*C36*/SET SCHEMA PUBLIC
DISCONNECT
/*C37*/SET SCHEMA PUBLIC
DISCONNECT
/*C38*/SET SCHEMA PUBLIC
DISCONNECT
/*C39*/SET SCHEMA PUBLIC
DISCONNECT
/*C40*/SET SCHEMA PUBLIC
DISCONNECT
/*C41*/SET SCHEMA PUBLIC
DISCONNECT
/*C42*/SET SCHEMA PUBLIC
DISCONNECT
/*C43*/SET SCHEMA PUBLIC
DISCONNECT
/*C44*/SET SCHEMA PUBLIC
DISCONNECT
/*C45*/SET SCHEMA PUBLIC
DISCONNECT
/*C7*/SET SCHEMA PUBLIC
DISCONNECT
/*C47*/SET SCHEMA PUBLIC
DISCONNECT
/*C48*/SET SCHEMA PUBLIC
DISCONNECT
/*C49*/SET SCHEMA PUBLIC
DISCONNECT
/*C50*/SET SCHEMA PUBLIC
DISCONNECT
/*C51*/SET SCHEMA PUBLIC
DISCONNECT
/*C52*/SET SCHEMA PUBLIC
DISCONNECT
/*C53*/SET SCHEMA PUBLIC
DISCONNECT
/*C54*/SET SCHEMA PUBLIC
DISCONNECT
/*C55*/SET SCHEMA PUBLIC
DISCONNECT
/*C56*/SET SCHEMA PUBLIC
DISCONNECT
/*C57*/SET SCHEMA PUBLIC
DISCONNECT
/*C58*/SET SCHEMA PUBLIC
DISCONNECT
/*C59*/SET SCHEMA PUBLIC
DISCONNECT
/*C60*/SET SCHEMA PUBLIC
DISCONNECT
/*C61*/SET SCHEMA PUBLIC
DISCONNECT
/*C62*/SET SCHEMA PUBLIC
DISCONNECT
/*C63*/SET SCHEMA PUBLIC
DISCONNECT
/*C64*/SET SCHEMA PUBLIC
DISCONNECT
/*C65*/SET SCHEMA PUBLIC
DISCONNECT
/*C66*/SET SCHEMA PUBLIC
DISCONNECT
/*C67*/SET SCHEMA PUBLIC
DISCONNECT
/*C68*/SET SCHEMA PUBLIC
DISCONNECT
/*C69*/SET SCHEMA PUBLIC
DISCONNECT
/*C70*/SET SCHEMA PUBLIC
DISCONNECT
/*C72*/SET SCHEMA PUBLIC
DISCONNECT
/*C71*/SET SCHEMA PUBLIC
DISCONNECT
/*C46*/SET SCHEMA PUBLIC
DISCONNECT
/*C73*/SET SCHEMA PUBLIC
DISCONNECT
